cbfcdf9b-01ae-4a59-9e40-72fdfb54223e
9ceade4b-66d6-43e4-abe6-437c942449cb
427c109c-5c19-496e-bbdc-67a704ff29aa
3e694700-4e57-4d8f-ae4e-af97015cf1e5
32908fd9-7c09-4b6e-9c1f-b3bb7e03db32
d42c4baa-c00c-413e-9528-56fd2c95dd12
d890e185-b693-4282-b928-b01ab7f71abb
1bafc3c1-2e7e-4cd6-8d07-6684b11a14ca
0878b858-48b5-42b6-aaad-abf9c05578a3
7fca0c79-1861-41e3-99d1-133272e73e30
0d2196b8-f57a-410d-bea7-0c0e38ff6d1e
d4fa62eb-698d-4d21-9a8e-d50624407693
cf2a5e9f-f124-4f8b-a72c-9670732c387a
0ce241a9-ac38-4cb5-9a4d-deaf5a650c52
18345356-a87a-4e22-8f4a-69883b8522f0
9b93fcee-8887-4fa1-88b1-465fc692d190
fd5e1ac3-f8d9-4e50-a279-5dce872c1ca3
e1cefb6e-05f0-4bf1-83c3-e5f8dbb05cf4
59a6ac82-8225-4eea-bc96-6e1373b5674e
be0cb3a4-c846-4f59-bf56-6d541cdd349c
49d3d55d-ab8a-49f6-b1cf-49ac7f15a8db
1f11f3bb-a31d-43f8-98bc-31d998213f6e
baa923aa-b237-4be7-a898-fe3698d47585
ef9283b2-9c49-454d-b0ca-fa7670b78e09
e8c1cf05-22d5-4dd4-8029-477dac66cea5
67f9dddc-4f03-433e-9b27-8c039e3e7d4a
2c776253-fc6c-4b34-9318-9446014990bd
89a04064-08bb-4a20-a09a-2498c4ada4c5
c5aa5a44-79bf-441e-bbbe-8ab0c1a3a353
9d4c4deb-4e02-4fd8-9e4d-a527c9e04e9c
963e015d-b0e8-4c56-8e35-aa5d3706681e
29aa6738-ae25-4e36-8d4e-6da5bea080d2
a98ebe8d-8d1f-4342-95d9-1f0313fb263c
d16a197f-2976-47f5-8b34-e3ed3ab1331a
6a56d15f-f16e-4ada-80cc-c37521706539
0721ff3e-d85f-4177-82ba-804f2abd1d37
f923905d-8584-4c71-9547-544ee502aae3
7034f896-7a46-4022-a477-d5438de5eb08
ea5a524a-fa61-4f0f-bc63-723480bda2a1
5854a94b-8eca-472e-99d5-b78b4ab1bbc1
95d78dae-164b-405a-91fe-7617600e0f10
36af5d3a-cb33-4364-89c1-67bf3ff54c2e
92de5d03-3c04-4864-979f-f075af99aac2
06321f4a-91f9-4f28-88de-76cda029473f
04a187b1-db26-4955-b3d5-3b4aba34f685
5de4a0f1-1bdd-4087-a14a-8fbfb642f14b
cdec7e12-7bb9-4ac4-ad25-27787b286555
c5dae83f-9824-4d17-a794-6d998dc6e4fe
b7a2a828-3863-423a-b809-208439854cfa
5f6faeaa-1153-40a7-b726-0ae8032ef32d
d638a74d-ee89-4995-8e0a-d392bedc1c3d
35b9b73f-8e36-482b-b3cb-4b2dec4a23f2
515f4950-ebce-4460-9ec7-5072eedf42b0
1361552f-48c6-4c6d-bf8f-c069484bb5fd
e81efa87-59b6-4324-b696-db5f9f264ee5
c0820012-8b18-4ac3-a52c-cbe7b397b802
2aed8c85-49b7-438e-b76f-e987545ef798
77bdd41a-b6b1-48f3-8978-d0e38187db48
c7cde081-7f05-44f5-a1f3-744425e78389
7ca7d5c1-47b0-458c-ac4b-78374939d5ed
68673536-ef9f-4a95-bfb3-5754717f093f
02067a43-23cb-47d5-86e6-a3786526297e
34a896d9-3e68-4860-a1f6-53bbceab880b
9aca03c0-dc52-41ed-b932-2b13e35f6a58
0f77632e-824e-4749-b9bd-9aab5c86ae2a
4eeca373-c650-4ff2-bf50-af387f9313ce
48076403-bcd6-46a5-865d-10a04bbc7970
0c520ac7-c7b1-4152-8408-987e52202616
3d278768-98a3-4bcc-8782-af3114569190
6dcf6457-8fa9-4482-9c99-194cc4afdc5b
56e47d07-8dbe-4be9-9aef-26804b24695c
78900686-43bc-449f-ae61-8d919316f362
36cbc863-d8b6-4eca-9626-b9851212a0a1
0f2051a4-44e3-4f13-a154-37d1ff2fbcb9
a31a34ff-246e-45ee-a448-ebac395cf972
8f92c849-6c8e-41ac-92b2-0525025fc3c0
c394b0ec-cb8a-4b3d-8cd9-4b61a419a41e
fb8e5d73-a8a8-414b-97e1-174c8d7d1455
996a5f08-3cc8-4f25-abe9-b0d58873099f
ee12f658-cc37-4d82-afe0-16ae222d13df
f470b978-705f-4d92-b482-1e9d3dd90faa
4737c2ea-da85-4375-90fa-555e9617c6b9
b6605441-3a02-4c95-947b-22c8eab8a139
ca556bff-ff74-4f72-99fc-c693eb96c088
ca7eceb7-0cbe-4367-84c4-0218e9863ca8
fdf49678-c097-44b5-a816-460737e772b2
268c5750-2c34-4a3d-9cff-35dc0ad30f2a
3269c33a-c795-447d-b8ef-8a638ef615a4
53fce9b0-64c2-4081-9525-e37795653490
bc5beaf6-85fc-45ee-96d6-ec6afbd5c536
4070e9d8-cd03-4149-9f76-5abbb4db56de
0d6e0e52-69cf-4aa3-a53c-451b1462027a
06d3acd6-bd67-44b9-ba15-236ec5e27b31
47979e8d-aeff-418a-a1bd-7951339b522c
b98aab31-babe-4270-8c12-9d5422022922
6d309917-9123-4d05-bddf-1c46845332e4
731ec56a-3661-43da-9fc0-64090c478772
3d5428fb-0c76-4677-a0b0-c2a0812e196b
3b5e5986-1c26-43bf-a628-474310e0a9b8
f6c05db4-38ad-48c2-9159-17d41ef9ca6d
2051ddff-98bf-477d-a478-6b15a74713b0
f4ea4001-ff07-4e31-8f88-50e89afb063a
cb54e024-0ac3-4b24-9c79-67c542bea1b0
3517d442-a36b-48ef-aa6e-16fe96a8c51d
161175e0-1774-4afb-af1a-36890475618d
8275f94d-a635-4ac8-85c7-a82aa3f88266
e83f7fe1-cbc1-4c1c-9e89-a317e05a3edc
f9e53fdd-5bbe-4770-a744-5f56d4f867c6
b653d5a7-4dc7-4a8d-8ee7-f0a75d39829e
0f51a95b-15e1-4df6-b71a-da43794431e7
9e8c0f17-8891-4459-b5e2-b22310220d37
5a6e8d26-6af2-4c11-9579-d2c8f041c8b6
d98aadd3-0c8f-4e1a-a151-53ed4e0cea3a
36b56321-700f-4c23-a61b-a279dc2e8b0f
2c69fb19-d542-4cb0-b5c9-419bf6d6f647
b8c0d94f-0b2c-47cb-99a5-d335ff2d04ca
b3fdda0e-3a90-4740-b745-a5c656384b9c
fadd5fe0-5786-467a-add1-8a19fab91cc2
a1cba62f-f955-4f3f-8cdd-d5ec20d15a48
3ad43eb8-4ce6-45d4-80b9-777095184bd6
0c56e1dc-b1d8-40f2-a3af-56614bb398ab
7b4e823c-ef0f-455e-b2f6-79ff917579ab
14eb5083-9742-4637-b01d-3dc65c5bee80
2a9848d7-f823-41db-9d41-abafbd4dca15
6828a037-3a3c-4f1b-ba71-582c6da1cdf8
9a1589cb-fd00-41c9-8730-af4c496de4a0
0eea169d-e049-4b34-8010-4ecc3f0ccf88
9f2208cc-5087-4ec3-bf75-8a86521a0dd1
d7ba5260-fafa-4bf0-a73c-e3b90dc7ba5b
d9260f8a-3beb-4d1d-9110-520688190b47
85a771a2-b81e-4e65-9052-07c73055c6a2
333a904b-491f-4177-8bc7-fa66aeec272c
75cf98fc-338a-43e8-afa9-4e4e04a7d274
840300be-9356-4e52-8e32-24647b00c1f9
c044dcdc-91ad-41d0-9ace-80688cccb8f2
e1e73cae-fdc9-4902-97ad-bef61908b4cd
3fa6dfe8-a869-4f00-abb6-1997f3653ea4
21c4dcfa-01c0-45a0-8445-da9aefaff8fc
da102c85-51c4-4e7a-9999-8f78b596e883
c1d085b3-ef1e-4f6b-9cff-550fe011897c
5c31906c-333b-485c-b22d-eaeef5fe734d
a87f555a-fd03-4d5e-a0b0-62d7009dafa4
a0421a12-3fc3-430f-9429-2010729f28e5
a4e02b02-b4ed-477c-ae76-281797604931
2451c945-2b9b-4cec-bf0b-0eb787df9f1d
e43329b6-238c-472d-bae0-b08d0c382d02
83f30246-7c37-4a87-a856-491f83e60dd6
91e3fe98-77e1-49f5-938e-515b95e3257a
b75ba2ad-9bd2-4505-bfdf-508e8af79158
211c8890-d489-4cd6-8087-9080092f4329
6a5fe524-fc8b-45b1-8bd1-9c3f0712b78e
81382174-5e86-4fc6-9035-51df01e783a4
e3141666-cf85-4777-9a14-6090ccc5eb84
6cce7506-709a-4391-90bb-8381fc3fc250
e57c7778-5bdb-4124-ac7f-65cbd02d50a6
245b552f-657d-413f-a905-9104fed7acb3
58a0a3e7-abd1-450b-a7c3-485a6c951fd9
01d88526-87d1-468d-8427-0090fd44af5b
f201bf7b-11c9-4317-aed0-97e3f162a268
f3b7575b-333a-4139-ad26-318c8bf9dee9
bb09305a-0f42-47ae-ae64-b34868a929b1
3cf9a43c-b603-4e8f-be60-f41d758d261c
b397ae87-dfda-4b57-b2a2-2f8e7d5c11c6
f74e6372-0ecc-4fe9-84d4-fcad79391a36
551e4eeb-1d8c-4e09-9a7e-be246adc9557
69d79c2d-c534-42a8-9245-a0e144f1eab1
659feebe-a97b-46af-9ad4-2d8854f724ea
b4bb8275-12ff-4dcb-86d0-e75dbc837643
aac68958-5b53-4b35-a5af-7a3e8bed5d37
5080226b-cfc4-4f85-be2e-9b2a2598f3d1
a0f24b09-80a9-4c61-b3b9-59e1d0563baf
61878ca6-3a4d-47ca-a42a-21cc57ac86af
66c11897-88a0-4f92-a50e-7d467f3324f3
8c63c8fb-acb7-44fb-85f4-710ddbf3972b
4a0ce2a2-8d7a-4dd0-ae05-71a6b090d1c5
ee79c16f-72bf-43b0-a8e8-bfa37dcbb8cb
f533a4e7-0ca3-4826-a6bc-6a583698316d
f7f33dcc-566a-4c87-bd95-5a508d7c2d4a
63d02261-6c87-4492-a8c1-a311febd24f4
cb3ee729-48db-48b7-94a8-1fcd3ce64161
31829cdf-36f9-41ff-9f05-71dce3fc36ef
e0b143ac-75ee-41bc-8f63-894ed6c75d1c
d603ccfe-5caa-42c6-8711-3153e6387a7d
50fc7fc6-3a1b-48a8-9a41-5e40a2169812
c3d2d949-7e92-4983-bdbd-ef5dadf8b76d
410c59b7-3e50-4968-9997-e05960ecf820
2ab2bff3-720f-4f6d-a05a-5382c09806ad
283d0af6-ca01-4d65-9749-41d1ac73cc97
dbb1599c-3f6c-4cdd-a963-6ca6c584107e
5bb176b7-f420-4a9b-811a-943faa667e27
162015ef-a20c-43e2-a366-2ad20385e50c
8f73832f-fe7b-4ee5-be9b-aac32f58094a
6bd5a0e1-5be4-46d5-91e0-120407230f7c
033c89ff-5897-440b-a3e9-9b0660fe0e6e
b6f8d04b-e972-4fc6-99bb-64e56482d537
17f4e352-1122-4140-ad55-55065cdd0fec
35fcbc3c-69e5-472a-8551-6af2e1dee025
1efab063-62cd-4d73-be89-f9daad806bd0
2b3cf22c-77fa-42d7-93bd-502c01abdf80
6397764f-1a19-4b9f-82d9-2ce56fdf8938
ec544f86-edd7-4007-838b-f2d80be69afb
c8c28bc8-8668-422d-8058-e149eeaf0ad3
48cebe19-fbf6-4b1f-a9b5-65fde1bfbad3
5b9cb372-1b41-4b2b-87e8-7b0b61353569
734d0704-8659-4d30-ab82-1fe706996357
d5c6c8f3-d9b9-41a4-95b3-eedbc6dbb899
aa48335a-3a1e-46fa-80c3-755b2c2ccf7e
69de61a9-d383-47e4-b8cd-a05ca3e16bce
0c346ede-f220-4721-b7f5-670fb4d6bbf7
33a43ccc-92d0-4f6d-b37e-a51073fc5e17
80530511-5dae-4fcd-b241-d98807733819
9e0a3e98-eab0-4699-9db9-ef3aea094224
27ea748b-0030-462d-afa0-693dc8bc9715
c6720ff5-bb1d-4dee-a4b1-de969f3fb3fc
ab33c99c-2a22-48e3-9460-81abb2a5cb77
84184701-c11f-4ff9-b160-2e4d96ac8b2e
9e0b5e04-7ce2-4d1c-8907-a9c90b90db57
8ac3242d-83b2-4a54-8f8d-095d032a1bf1
245b9451-1907-4130-8a29-4e7cc0c11b76
792985de-9dde-4127-a354-e56327c7f12e
edf6f46b-b335-4432-b66a-48aa4ffa7ed7
9d2b7ff2-7bad-4a35-863f-e5c6342bbbcd
588815bb-be6e-4495-a1ca-fe5abca00ac4
77929d03-6f53-4e94-90cf-14d844cc0453
bb41f47b-a74c-4441-ab0f-18e2fb1de96f
5d153343-2a12-4046-a5e2-94ead44bd471
5394aac8-ebe2-45c7-9b8c-10f9c76be58a
ab7645a2-25e6-495a-9f4a-b0cbb9842383
be7b5fc4-33b1-46a6-b022-0f9798729497
1a22ac53-0210-4928-a067-e6ac2a625e4d
747bdbb0-da4f-4003-8690-ab61ee4a5640
ceff922e-0118-494d-bd20-9400633b456b
ec72ae30-cb58-4d4e-89e3-e81e64e17ce3
926169bf-1e6e-4597-8ab5-0be9c6e0e511
7fa09fa2-fe34-453c-92f0-d4a8df3d1bf6
452f4bfe-255e-449a-a056-f00264e10849
1db3b2f4-fdf6-471d-ac38-bf607a8a95c8
870ba774-bbba-427c-8db9-cd5c06639b44
645a880b-2704-450b-8051-aa31996a8630
2d7d66df-6f30-4a33-a853-60c2305abe9d
a0985a3b-2f32-465d-804b-913619c8aee0
897045ce-b628-4c1d-a27b-2e5a1268db08
747e3b64-d0fd-4e3d-9bc1-ae16185429e7
fa8bd51f-d478-4766-9b8c-e1b782964fff
ad02fb8d-1d67-4233-be41-ce99784c2003
647218cf-5bc1-40b5-8857-97be212b2415
356cfb2d-bc07-4f87-aef0-551091128264
03be8518-6b94-4f77-aaac-598e8e532d9a
0717e2e9-f779-4cf3-a9e3-99925ece9b19
14701691-0e0b-4084-ac61-1a230850ef2b
62cdfdee-3035-415d-9480-e4a9f9320855
2043ae43-1fee-4439-bed1-cd5cf49103f0
af27e7b5-304d-4651-9320-ebefbae826ae
0fa65766-adba-4e9d-bb28-1bb6ec2977bc
8c23fd64-3bdc-4e7c-94f0-931378470d82
b0d0eb1c-4c5d-427c-ac27-bbb8355d9026
745b97ff-67b0-4d54-9406-ee500168378f
5e9492f3-5c2e-49cc-a65b-3c90a830fab4
5a7d089a-ad3d-404e-96e7-9e300e233875
40a9f452-7a19-4664-9471-0b8eebd1a690
dcaf0f53-8f0d-4ebe-ab42-b67dac653451
125a0483-569f-45f1-ac1a-1b463dd747b0
b0fe2796-fbe8-4a18-b33c-4cb69163cdc5
b1dd6a07-0366-40b0-97b8-ad5335be2b48
d3632e2f-ba67-42d7-879e-831ac16579f2
a5b1cdd1-cc4c-4037-acb6-00717e96ad47
b6369a45-73e3-497e-af22-8bc95940fa06
d3b31144-9941-413f-a9e7-bd63994e547b
642fd1d4-477b-44e1-bdf6-1e964677bc1d
a322a292-5325-4b32-9d72-27bf8d201cb8
1fd8ad43-7bc8-4b53-91d4-cdc2ec3a76f3
23aa4806-6d28-46ee-8e3d-17358346eb2d
1e56114c-d954-4d46-ae2e-e5c310b9fabf
2b7339d6-8284-4739-9f33-e1c4949c2316
43e87485-0eee-446f-b85e-424a019d06b6
3fc9f26c-863d-421c-8a30-a8123afe2947
466f318a-c1f8-492a-9344-c43a7f7ed2fa
0522b410-d1be-4631-a9b7-9e9ea7ebf5bc
e44287e2-bd7d-4af0-8b09-35bf581f5933
eff35c3d-e44a-4593-be6a-c341e22ba10f
da5bbf57-9586-47e6-a164-c822f4a9a218
d2e89b65-8ec7-4202-b4ab-131318ae85ba
8734cd33-c3e2-42ae-b5af-876b57b5b0c1
8797d675-75c4-4d06-be3c-c01dd25a4eb5
dd371ea3-87a6-4343-9dfd-1c69baf49f65
f3580033-2dc3-4fa9-b654-2fe5954ceaf2
5d68fc59-bfca-4bec-9162-c9e4b0a8fc44
a7f843b0-8b29-4ef6-a486-a838c37ba403
d7656975-4e58-446a-8650-2fc5fb5c0c67
7137facb-5d0c-4537-9313-d0382f214e4a
802039a8-cb27-41fa-b605-6bc8d5717d6a
f5e813aa-2b8b-4102-8c18-dd354b691edc
f6a68cae-1a4e-47f3-bf4c-bf073964fe95
45eb1557-ac3b-41b3-9da4-2ccf13b6e3ff
91d0551b-ce89-4494-9894-6c49d76b0a97
dc250d54-c099-409d-a859-45ba67172f75
2abf74d5-c6dd-471a-8f3e-9945e7313d29
3cbc30fc-b353-47e5-a8d7-7d224c275680
78085944-74da-4cf9-971e-aefef63816d0
f8c73e58-adf2-414c-8e53-449ef395748f
3e9196d5-f7c3-49a0-a832-b729de8db455
1fdcba03-1d4f-47a4-baf4-d2e540c9b712
ba2e36db-77d3-4407-b804-e8af8e4fa5fb
72bf120b-8817-462f-b995-c2527d823be6
84fd8110-729e-4c6e-ae9a-106b9ac96042
02e2d01b-dced-4953-9da9-0d97b78ec354
9bc927aa-28bd-40d2-bf47-8698cd5f5ddc
00fdd22e-6061-4f1e-bc43-244a81477bf1
80a1c14b-9b19-4cf6-8cdb-d5aedfbd65ad
c488f291-9078-48bc-a6fe-3ab785bde208
42db0599-13c0-4d76-ae74-b5f528fe0e5d
55123346-0d38-44a9-9465-7730557fc4c5
87975f3f-9f3f-4525-a30e-bc0cf27d59c0
868a68ea-0608-4721-b28c-a3e273c461b2
7733c18d-5c91-4835-a271-723470970a07
02bf24fd-ebbd-466a-8e0e-8b2bee529ed6
b57c564a-9f09-44f2-907f-e7598ed22756
fb1d9201-6dcc-4103-acf2-e26129545b85
3a935d6f-195b-4364-97e3-bcf459213a2c
6841e369-744d-4796-bcca-2aeee0105ade
ebed4310-de47-4bc7-b4b4-d807cd21e1d2
155e05e7-4379-4544-837e-fb43d2e380a2
7de51381-88f7-4b12-950e-8f3428ebe69b
ba6f5c0e-2536-42ae-9fea-e83093c59511
0ee54fbb-0986-43c1-af16-4e3b344aa374
f2a7feeb-01a3-458c-abdd-852b84fa5194
274c71e0-430a-4145-8236-e444dbc879b9
c9dd8f0f-684d-4316-9efd-005bb15b0b60
501e7b65-940a-41a0-a7ef-5cb86f0fc541
ec636ac6-17bf-4a1f-8c89-0e41069c9ba3
7734a2dd-dff4-43f1-abfc-0e3e9dc51b3b
c8762a61-8164-40ca-b1d4-782ff66f9530
dca4d9d6-ca99-4feb-8412-5013bb9a7dbc
50ceb167-1ec3-4185-80d5-e6cb770defdc
3246399f-a654-43e0-9b09-d43f4fee01fd
c32bfb93-dd0d-439b-a9b6-6eb36ee87de5
9d213d4a-ea7c-4ccd-b6dd-15596ac77168
27b5c4aa-a5dc-474b-9b47-3977ae76301f
a6173f32-68a0-4810-9ebe-da857305240b
e0d42f77-a8a1-4130-8d65-e62c5f338822
51f2fe48-17c0-4f3c-ae49-16138b451860
68fcc84e-c261-400d-97fd-fbbbedc33830
60ea7624-0834-4756-8737-c5143c2c6a14
ccd886ce-165a-49a9-9a00-6a34828d5a9a
cbe0cf0f-00ad-4b02-b465-3f253960872d
3c4a4d78-1185-4ff1-88f0-aa70192d7bdd
36fa49cb-77ec-4672-8658-b806770f93e0
a5fd3865-4984-4678-9459-c91ba96a6738
6ed7bd7c-55a7-429d-bee9-d349920f052e
5ec568bd-89b5-447b-978e-b4611052b43d
a10a3e9d-6236-4aa6-ae66-acc2fc3165fa
45168bcc-bc4c-4ba1-ae6a-b5621aca3882
a2b4c9a7-6e56-4bae-bbe4-e01fb2e25d8d
f934e68f-034c-442a-868d-9b4e6251b9d5
c7ae2cc5-c92d-447c-875e-cf59c92df64c
d184c6a4-a2fa-4e4d-b94c-4153d8ebdf18
dc5614b9-968b-4f64-b7a4-fab3fbd41369
5a1c219a-a681-40cd-a036-b97e5b638103
2a0e93f4-6da7-472a-b56c-691faf987d3c
cc986cc8-bb31-4dcb-a7f1-78aeb95fb4c2
00c2f14a-62ec-41a2-b52a-042a57233061
755b5de7-6ceb-4c7f-a542-24ef40353c25
2f6ae048-24b4-42aa-92a7-e74f29eab78b
bf60e243-bb81-4387-8df5-e53ae01d37f0
01d1b662-0914-44f6-a1e5-7b541a99b4d6
433257d1-a81a-4ec7-a21a-272efc7cdd6d
1a6b1cd5-20d8-4e7c-9e75-b41048bff8f5
4875b86c-bcdd-4347-bd1f-4e099a47d7fe
190acea0-2344-4e57-b7c5-7f833fc835a8
f22756d0-7d47-402d-88c5-e72e3e10d683
883e5342-17d8-4f59-b0bf-9adffc9bf83e
0261d661-d828-424d-92eb-5247c53361ac
daf1e196-cef8-40aa-bd9d-19211980b80e
7ac7547c-1639-4969-ace0-2fd0e9f189db
432593dd-1a48-4b2f-a268-7c1cae5388b8
ab86e74b-1a03-4eec-ad2d-68bfed53655a
341f31b1-325f-4ca2-80dd-0eba0cc19a2f
85b78731-3bd4-4dcf-a356-17f5e6b335d7
176b5391-820b-4c16-9741-68d5bbd7e14d
440acce3-d50e-46ad-b052-3b97bc0906a2
723eecf1-581a-4c52-9066-348362e4b24c
4a49506a-75e2-4846-bb5c-6eba4b166024
8f5d2cf4-e603-4e6d-bc5d-3e597f5a9b6f
ecffca80-38cf-414e-9fbb-e6ce63c61618
f2500b77-9b8b-4599-9a12-a79b84dbb737
d7118b2d-ab1f-4ca5-961b-cf48301e55b3
cd465819-2167-4353-9d2a-a7797a15b44c
0bc9cd17-1eff-4840-90cf-3b3dc7fe6bd6
96d60e49-c6e9-4941-ab90-ece8635708d6
a3ee850c-6b57-4e22-828d-7378002783cc
556dbc0f-f3a2-45d0-961f-6fb1a465d4d1
c4374ca0-1ee6-4a1d-b890-2142d4f004cd
6301c29e-0d62-4859-bcae-bcd93b025a8b
dbb7e250-4e8c-4144-a45e-7f98da9e53ed
8b6676cb-0d7d-4f46-91ff-9f143c3f18b5
10618bb5-93d8-42b2-9afe-e3f999cb3d32
aff5f8a4-757c-475a-88f0-9d06bd445cf2
1158b4a3-e4c2-4ec5-b190-501baf968303
7691f4ba-a875-4123-a236-2af591e37571
aeb4703b-dfae-466b-b088-b3c863c1ef13
264e53d4-0c5e-41ce-97e8-6b1b47b0ce77
4daaffa7-61dd-4fe3-b493-f6a017f2f7dc
407b2b74-98f5-4eab-854a-51ea6c2c1ac1
c1b269c3-f555-4ca2-9b5f-ad1be8257fde
c72c6714-750a-4656-87b8-7c56473b9653
1e6c3b11-27e0-4ccc-abcb-0ea3ef82c8f9
276ecf40-1e49-45d3-898f-9486286671b4
7a9ba032-f948-41cf-85a1-35e4f5aadab5
17b290fb-eccf-43c2-be4e-6c806e394236
487c0091-55b8-4253-958f-436bdf1c8cd2
aad5bfa4-873c-42f8-816c-de01d573fcf3
c3695ccb-50d5-45f1-b2bf-5b53182a2ad2
2c84509a-beaa-4753-befe-287938e31483
e58916d9-65dd-4e94-b034-acf00ae588aa
8f7f61e5-f9a9-4f27-a0d4-4951691a37f8
21e92230-cb32-494f-9da9-21a4f28c24d8
410c5f5c-8594-4f19-9e64-97f2becd1f4e
1acfd446-e860-43b2-a751-a87efb0d9a1f
86795b83-5d74-4d80-985e-8dc23311ec51
4c950e18-96d6-4166-9e7a-29b2f9bb92e7
87e38d6a-439e-4ca3-b9d1-97917a95ce99
63bd5a73-5e4f-4504-a891-f25da1ff2903
6f2d6a38-5b1d-4625-8e29-ff40f00fb489
53930b53-4485-4112-bfe4-e1b849c7a2c4
b68039f1-e36a-4a73-8996-677b43638ec9
ec225059-0a2f-4910-bf5b-31c4ed3e1033
ff1296a0-07b0-4b47-946d-7aa38a89587d
d668d363-8428-4cf6-9431-783f5d4460a8
afd04451-69a6-45a6-bbbc-105b4677986f
b5ee92a4-8c0c-450a-a0a4-dde208f5c9ab
5886b4b0-d4d0-4fe1-9451-2e25a2fd871d
e0d328cf-621a-4da6-8c32-cb950e573d7f
b0d969b2-e4f6-4c4b-9bbb-d842d9f2e209
3ba94f59-4c83-45d7-89b1-ea51ec85a861
c92a9825-7ada-44c6-bab6-7ae3ac217017
e910c81d-5a98-4ab9-ab41-cb5f79ab3726
2eda94a6-8d6a-4aaf-b2dd-7d4b5f57c5f1
67214096-79be-4547-9279-22fb3ec95d97
6873a0ca-1040-445d-84e3-10f07721d878
60477e82-760f-4836-8108-7b3cdfdcb41e
08edbdb1-2897-4fbc-a14e-2bd514e23def
be298f6e-ef7e-4d14-b203-b0283529f082
fc9ba3fc-6f88-4b8a-86a8-8fb728e41c79
e1e6a373-faf8-4b82-88ae-b583b584a855
58e4cc25-902f-40de-957a-e91b968d0913
867b2a0a-9f6a-4196-b329-997b81f4a10e
218de78f-2101-4732-98d3-d384c5d6dc70
9cc3a625-b762-463d-ac08-4770db8dd9c6
c9998d57-3cd0-4237-a7bd-f35740cae40d
12cca24b-2dd0-407b-9f96-991cc94536fe
57f0db60-22bc-4adb-818a-bd7d1ee124a8
1c4da321-03e1-4b4c-b91a-e03f587911bc
1c727996-be2b-48b1-b413-70e99d828889
9ede97ee-55b3-4fd6-9868-bd3cdf99d4a9
aa7d92fe-476c-4e63-90fc-1f139df27da4
0096f0c4-dc76-4e7b-a7ab-4739d50941b2
1acd37e6-243b-4b7f-866a-23dc98a72df7
27178897-a180-4368-aff2-c9550bec6390
4eb5d0b6-21bc-4bbb-9e8e-d01a5547e4c3
55e33c59-a3ff-4d42-a018-35be5d563b8e
118a7237-e413-4b90-8f32-ebd031f44474
4e366141-5aed-4840-9aca-b6a464376447
a8930efc-55a1-4743-b350-bc637446551c
251b4cf0-ace9-4925-9b27-3124766b173f
650e4ab8-3879-4c27-be78-655b0b4a7dce
41dba4dd-6b73-4912-ac7b-37b84eb43943
7b1012ff-c863-457d-b92e-fecce63a6915
1cb1929e-58d6-408c-8138-615e47d497fc
5ec12f57-a6a9-4d27-b8d3-6b6b982b612e
fbbb8f41-5da4-4d2e-a596-0ef35e88284d
f6911bd2-45c0-4b83-b0cd-9b02671569de
678e3ab6-9fb9-4c7f-b30e-b6a0ce3966a6
3fe7e8d1-3e9d-40ce-bc67-2f25f3a4bc7e
a2b634ad-f7a0-472e-8dba-87a9afb3d6fd
f1b7bbb2-92af-4f94-ab1a-6c6e4ae866ef
bbce86b8-1353-445b-886d-59dd162068ac
6a6f54d8-1b1a-4dfa-b506-7135e3bb5a90
04a93612-f6e1-408e-a7ff-0ca3c360d4a4
77faa51e-81f3-44aa-a1d8-2dc8ae9126d8
cdd85819-afdc-4a44-9902-8409302a59d7
933e873d-9434-45c6-accd-d46bae945909
2ec3e04b-1b01-4959-ac3b-69002868e783
0b2611ab-0a35-4142-b9e0-b33923c7f0c1
1edbcb64-9d5d-4268-8d48-e210aa59d233
45472809-61de-4f8a-aecf-8bc9d53e65ca
59175ad8-03f5-440e-b2b5-e2eaa1a1859d
4bdd6182-ff4d-4949-90cc-fa94588a5734
264cd2a8-1917-4264-8bf1-2ec829f1f3aa
136895ba-ec0c-46f7-a475-130a804071d5
1e0c0db8-0610-4479-bb99-eb53bb2c0c18
2c24130e-afdd-485c-b09d-8e89c5ac3d1b
c9a18a81-2015-43de-9d5f-41d8dcee3a8d
9b1b14cf-6416-466c-9803-ff17abc61962
c992de22-57a3-410a-8800-adfb6c8fc56c
8cbef73e-da3d-48f3-b3d9-7ee8cc493998
aa787028-2043-4ad1-98f8-d2c762f7c5af
95532c0c-d858-4ce4-b051-62940e295293
1ca52e81-0b4a-4f5e-93d2-8109e7bc25df
686d04a1-d2c5-4386-83f1-4f35ce9433a8
0ee55651-7d3a-41f8-af3f-a7d1ffe2d778
85e79a76-1130-4485-bcad-04cc31bb21da
997369e2-e26d-4a49-9605-334496a7f4a6
7f648b09-da0b-47d8-af3e-e54bcf4f7efd
2db403c8-5446-4573-87f1-26817de68d37
3ba16b52-d3a9-4d86-a5a9-a0b9a17512af
00d6760c-6ea3-46eb-9030-e195e47fd360
babae8c6-232d-433c-acd6-92bf8c8ec49c
fc991d2d-a41b-454d-a4cf-8fb0330438a5
a1e96261-491a-4135-8c92-f5fd71128a2d
e5bec8f4-5e08-41f4-a25d-7e15ff4ce936
21b71abd-7ebf-4c9f-a1c5-37665cf68394
9b8a7067-a2e9-4c23-b81e-6f39f115d0ca
202dfb35-fb96-4912-aa0a-56358643af4f
0ef88da7-c948-40f6-84b4-a17b797c587a
4d40856d-44f5-4b86-85d0-a1c415de4580
507422a4-0340-40b3-96f7-3aacc33d18a6
df3655c5-0260-411a-a96a-2689ee088548
a7fc205a-73f0-4285-8979-d3ad9ec844c0
90892202-4fec-4d24-94ca-8ae49a9be79e
523d29a1-4137-4609-aab6-796b55faa079
a72737f2-4f3b-4ee0-a3c1-1c9956687775
102713cf-d626-42cf-87a5-371a3b4fe264
c3f46d53-4efe-4a0e-ac65-604b8a2f61d8
a1c25ab9-c6f4-4182-b282-352ff1210225
1bc4aeef-30eb-45a3-88a4-315be3ddc603
16e0d3f1-b837-4504-accf-738af831cf64
7735b06f-bccf-495f-8e1f-c37767f5d138
7081de39-55f3-4387-a8ea-193e1e35bc2e
a726a4f0-194a-40e7-863a-0e2ca9771cad
6d2c2301-f371-4b69-8ea8-0bd5f941f279
d882e7e0-90e1-4c1e-9314-0f5f3cdfd39b
72c9cd52-0a5c-49e7-b333-5446ff413553
fd79c6d9-dae7-4d7d-bb1c-cbfacb22b38f
0728eaf4-a725-4043-8744-4798de37e97e
f171d230-bf6f-4426-8853-21b02fab6e38
760c864e-70d0-4d1f-9744-15d4b71c1dea
7ac67dd6-4718-4295-993f-b4341c734a31
92d167de-c3c5-4fc3-927b-29af4dc8cd69
74ad33da-9c97-45e1-97c6-f517dee7056f
3e7dd1e4-7bfb-4eb5-a516-895dc09afd51
8ba8905c-44f1-402c-8e8f-971497b68b99
e4d39a83-dc4f-41a7-b466-95da685385b9
a0034d1f-de89-4514-9fa7-f708cb5f7e90
b3f89ee5-dc26-4a8e-a13b-ae4e2f7fcde2
a2b16891-dfb8-4b12-81ac-a91d6780af15
05fe5bef-ef2c-427c-ac18-efcad16e9781
2ce6a73e-d332-472a-ad2e-0cbf47a1be5e
ac11010c-c3b7-4b3b-9cda-1a0c7a06c614
f89a29e6-755f-4078-925a-a4c0018928c7
80d5cfc9-182f-4bad-959a-2cf920f1a083
265a1b1c-ec93-40d3-8c77-a3c0442ecd1a
de49aca7-baa0-42f9-8bc4-453be1671f7f
6aa81988-ece3-4312-a101-691aba6953fa
a8b369fe-f2c9-41bd-97ff-7c142b4155f0
45f1c154-7420-464e-8d32-3a30f5e8a758
f24d6714-872a-4232-a497-1a32d66e8aa9
fcb13a57-d789-432f-9131-17335544f528
201e2416-79ef-4976-9ef0-ca5d5c3ff834
f8a485ab-8a26-48ac-aa42-a6d4b2bf8f10
784d4dca-65c9-4df2-9679-ae6531fdf25c
a94f212f-b628-44b2-a9b2-94f43b7a6904
d9055459-2d7e-4323-86cd-357082759ab7
2273f9e2-3870-4e23-a14f-5c00ff301956
5b064ca2-cbd3-498f-8e62-d63cfac27d61
1047ecae-42fc-428a-a003-c05f50cf4273
3f3da617-5da6-487a-bda0-e2ec1680ad06
047a272c-c8ec-42fc-ad5e-f6967ccf25f9
f431d6df-bc79-4b8f-85db-3db3cee9b2a8
d42c0703-836c-48f2-babb-cfdedff4a801
781400ea-7801-4ba0-b24f-3ebc2d2c6542
c8937b00-d926-457d-888f-14ba03b5aa2f
077555ce-50d7-49a9-89da-4a640f389df4
fd3ba62d-3ff0-4b95-89db-9f636eee039e
891b96d9-5fb5-4d9b-9518-a90fc2f26395
2109667b-6628-45e7-8f9a-793af522daed
9c8c2831-d5d0-4438-85a5-bb09833ec3cc
035a0ce0-7063-44e4-942a-b43f0b8173c5
e0aac0f2-d8f5-49b1-9ba2-1533a232ee9c
bf584c58-f754-4e8c-8123-bcc707787614
d920bf96-ab29-446f-859a-7dda9f276ecf
23bafca6-2d07-417f-9b8f-df583d54a405
15baf01b-0536-434a-aafd-1f3b1953da7c
f4d70c2a-9fda-41f3-af68-5cfd68ee7d96
9ff1e89d-0a54-41bf-9e98-4d30c95bb92c
c951024c-c39b-4b0a-8ea0-8a05e2d9c623
4791a6a2-bd2b-4ca1-b672-d034a1f6f8c6
5b4d5e0d-2ef7-40d4-a9f0-04a8067eb23d
0aa8dace-6944-4c17-8d83-864fd99e80c9
99e20208-0794-45e8-9bbc-aa9a268ebf47
9b473f45-5a7b-4c8b-9fab-37b1828568d2
c48be643-c5a5-411d-973d-bd57c1e429d7
bbd89ed9-2c54-416c-b9de-9c3484d5ea42
1fc5ca72-b29f-469e-942f-f5e64bd271bf
34c606c4-92e3-4b4d-b008-dfd45b22f87b
a4d18a54-16c6-462e-91c2-7a015c8bff2e
8205b87d-bdc9-4943-8e19-53e8b6af8831
5ec6bc12-4571-4d26-af96-c4117d6cdea7
639a5250-4985-4d7f-8eae-ecedeaeccbcb
c2692ac2-691b-4504-87b4-dcbfc7c6370e
42c20667-c66d-49fc-a10f-ef0b9f084a71
ef7e01bf-9cca-4f96-846c-c31f1b217954
05329596-6a77-4ab1-8833-b856006bad13
23d476d6-2571-4fb4-91cd-ec07f5943f52
91e33630-532c-4b4e-962e-d82fc59439e3
bfc1b561-080d-41c8-83bd-9e4fb698851c
4d5fafe4-8093-4338-9fb9-6f3e3ed9cfd8
b8a53408-b22f-4e4a-b58b-c934ce04f9db
28af0890-55e9-47c5-bd49-f5dce69ec0a3
368f373d-8151-4ff3-9c33-d21376051b1a
b2732329-15cc-4d64-ba31-af2ce7affddd
6005668b-307c-44c6-a7b0-cdc3fda0f239
228ba64f-848c-4903-810a-339b5d40c2e1
6ff2b2e3-c9fb-4f9c-bbbc-8f94eff9ed74
90c774e5-7584-4320-bbce-a02f8f6e7746
5c733cea-7378-40a4-ac64-f3b462f48055
59ce5d7b-e6ef-4f34-ab64-6c6748f7cedd
bac89a02-2bff-4cc2-aa6c-1f80d819d377
bb1281d2-297a-4932-87af-815494b5faff
47a827e4-3794-4e81-8291-fcf490d8583b
46a4fe5a-4c35-4437-9dc4-817efd19b282
cf681c17-a608-4f6d-9ebc-4d9216836b1b
0ee2be77-2a0b-4f68-8342-2b39bda55281
9e4bb985-4c34-47f5-86c8-a5ff587c1190
f8b108ce-0f31-4376-b0c3-eb8e308976b3
f88e3dd4-a18a-4f67-a753-c60905dae3af
5f097044-6e17-4cd1-90d5-2cac3c79d333
5c3965de-3bf5-4e09-9cca-6b1968f014b0
9f83659e-bec0-4787-a7dd-ceccd73d4326
003ac316-3522-4fda-9aca-3f61e8de2508
a5db8e0c-4cbc-42c2-b93d-421a5b9a689f
dcc6f252-4768-46e2-a390-b89fc9930e94
9750bee4-5941-4303-b779-fcd14f5caee1
63aa3fdd-65e5-4357-8f13-4984e8fa36e1
5354f5a9-a617-4949-a229-13c09201f198
cc0ed79d-6c72-42f4-bbb9-9ea40ffa14ff
ea494cb6-92a6-4df1-b8e7-3e14c90026be
03596087-5a3a-4bcf-8bae-de3cdbb33f72
5d6421d7-10e0-49d4-8b43-f866356677f9
69c6542e-a9a8-4dc8-a300-57af3beefda9
9d7c12a8-deaa-4dbe-85e5-3f0d08be3b47
2a3f58aa-feb7-4302-8767-5ea0020b2301
0ca92c28-8cb3-434e-b0e2-0318a09b264d
750f1999-4a24-4b03-9f4c-6ec1034bcb42
e7fdb6bf-8613-4c7f-98fb-29f6a44a62a5
ef8ce98a-9341-4fb4-b2fb-675958f1e44d
0083b716-5f8b-4262-b0af-9e1d6dca35f7
ccca58a0-fed1-417e-bdbd-108718545c1e
b9c46eb6-300b-4f27-9f28-0a23baeeee82
433cb9a2-ac5d-4e6c-ac51-b8c2b5061f0e
28edadd5-c232-4d2d-97d3-16786fa3bc07
4bb31fa0-8525-4a49-af8e-2415e7a3d5a5
152f4aa3-5a2a-4343-b3e9-95e61333e49d
e2c7dcfa-125a-493c-b7cd-f8821b409b73
00212b13-410b-4c8e-ab04-850341b24402
b3506c85-8fca-4c9b-a4f0-7dbb948ba767
3b1ecaf9-27d4-42a7-b922-d687e9e67487
f0676126-059b-4673-8e0f-aeb29f10fde3
cc3da458-8f8a-4b0f-9086-4f920ef35c3b
66e0ded1-b6bb-400b-bc9a-e109671bbbfa
58a56d87-82aa-4df6-acd3-72f959f2c0c2
34279eb6-2975-4ebd-99e7-3ea364dd651c
ebed66bc-892b-4fee-a636-91dde0eea448
8ee20ae9-b995-4d2a-9120-54ff7d744fc5
178d7050-d2bc-40ef-9413-4bf6da4ad273
5493184c-bace-45b8-bcdd-c0a4d6eaa9d6
d131bd08-76a1-420d-83d0-e40cc7326f66
b2e5cdb9-ceb7-4d10-9b22-d9347c8ff04e
3aff02b9-2b3c-4117-85f6-0b18bb37496d
cb2f7fdf-c6d4-4f91-b240-d7cde36a588e
944a2606-a7df-46f0-a4d4-bc0585162404
da792994-ec27-444b-8e97-486889b7fd3a
a6bcb240-0197-4a7c-b1d2-ce80c1c6ab3e
d9354520-a396-4bb0-a6bf-62c1bce81293
4ddcba4e-60bf-4f51-bad6-16efe66956d6
84ba6064-267a-4d08-9c40-ecad320b6b08
de0e95c8-40c0-4475-8bc3-05bd7724c9ad
13b1dad0-8ccc-43d6-b7b4-b035c1d2ed9e
39529315-aea7-4aa3-87dd-718205eef3dc
58762b2d-1289-4aeb-a588-e826bd1afeab
ca1bd536-28e1-4cd7-b138-172e3d6183e2
7147a97d-38c5-4038-ab3a-979117910b28
c6abeb1d-0d12-4792-a720-25a1f5cd8da0
ab7082cd-75f2-45eb-842f-d585c05fc9b7
69777992-aa2d-4272-ab21-6c0524f03d26
535c3fcd-f553-439a-9584-6412d792df9a
220880f3-6c87-4948-9775-51151326207f
4d6b6e7f-716d-4ebc-9468-826e0d1e7236
0d527a11-3c54-4dda-a0f7-3dfe2e917f77
503d893c-8b5b-4ca6-8957-9819cce3a4da
49671c4a-dbc4-405e-a758-f8c20e6c23ef
4e065f8f-e2a6-4f85-a107-e27839a72c22
5e9fae03-83af-457b-8fac-850f6c9b21b7
ebe2192d-dde1-4185-b66b-b388159522cf
869a1ad4-6c6e-4e16-8e15-eac8d3cda5ff
3a392c26-dc72-4feb-9d15-b988940cac4a
ccdd9b16-34fe-493d-a286-d714d2272836
eeb10fc0-f3e6-4236-b5d9-553b8f33588b
a3ebe31b-e889-4901-af04-9e5480b129a1
57b146ea-e1a7-41b2-9a9c-66c7e5f417d4
3f8e2861-7760-4b30-91c6-5d06aeecbf72
22ec079c-17a4-43f9-ace4-e377438cd36c
cf2aa546-b0d3-4ff0-aed5-3cfb0c8680e2
0c0b47ba-8a08-4aa5-ae17-071b315a0a14
5312fabb-c4c4-483e-aa7b-c64bed05ebdd
834c873c-5f31-462f-b5e2-3a3e36472db9
5ae3cdd7-93bf-48f3-bd82-eec783660841
e139e466-5b25-4a67-8bfe-05832df7f4b7
320922a6-e05f-4646-96f6-4ad1117efe8c
40c20310-011a-4312-a4c4-60f72ba5140c
4d88707d-161d-488f-867c-5d7d851b85b3
345a4384-5685-469a-8319-c68fd0d5d5cf
01778437-ee7d-408d-a546-e09a55467e8d
e43f63fe-1eed-4186-8d55-7723faddeb86
57cfc05d-dc97-4bde-bea8-440372f80959
275c6780-c380-4453-9afe-1a62c1022988
ef1b5aa3-0cd1-45f8-a111-50ce2e7b5d53
4235cd8b-bc7f-456e-8f13-a21e2afcb913
55819161-990a-4a09-9fa6-0ede75018efd
1995044a-9b36-4ca3-a820-4886dba251e8
d55ce7a3-1e39-4d73-b6df-ed0fde2a6e4a
ee3aed8f-8669-4f5b-bb46-79221f7411b9
ec6f2582-8b04-4fdc-bcd0-033fbdb61e53
e2eb0a10-bb9a-4caf-b4a0-66edd526918c
5ce45a13-c0c8-45fb-b378-b40aa0129762
9209d197-b217-404a-8926-148556626b8b
611e4321-b3be-4e1a-b202-9ed6c6745d63
0b4ac8e8-ea18-41b6-966f-611fd685646e
8fcd37f9-cb5f-4595-a9ce-b3c47471b2f1
f4a3bc2e-dc26-48af-b66b-d40ae17d95a9
05b83259-d0c4-4faf-9f47-8d4df81bf5a1
2b28ec89-3fde-4957-9ff5-7ce3eab8f42e
c7799a92-78b2-4552-91c9-c81e08cd0e2e
b8c8b2e9-429a-4d27-bab2-451c6ede90a5
c7adc426-b70d-4832-8eaa-510c5a5d5aa5
6f24ae9c-5c79-4508-befd-f6183eddb2de
97253f5d-dac6-42f9-b0d4-bd73fdfdc80b
aeb1f665-0311-4ebe-8829-79523f075da6
9a7a6017-51d5-4134-aa03-33af5b88f2dd
0a8d5cd2-29d4-41c3-a668-99a2c2121f32
a36b8b88-6d84-4c59-aa71-739c5388f8be
864f1ca4-f6f3-48c5-8e18-d200620d81d6
b258232e-4fb9-4036-bda7-ab5ada365929
8f498796-07db-4bc1-a2b0-3d1fa442be1a
d12b0c6a-5078-4659-8306-69d7d9432297
15c2c140-6be0-4f7b-87dd-80194fad34c1
a50db5ca-52ba-4cc8-836e-ce56ad6f2bbf
e545850d-da8d-4b15-92da-45fe75cc9a6f
09b166ec-c7fe-4a4f-81f1-0e31ac736c4e
f88da0bd-9978-4299-a15a-73921ba07155
5af1a9c9-128c-4cf7-818f-167573e5fd06
1e02b24b-b13e-463f-b6eb-1729b7c43d31
f11c257c-f57c-476c-a866-86b10be16f5a
2ab6e1b3-3aba-4c12-9afb-ef92b23c5475
cdb63f64-8fa8-41af-9d3c-74195aaa840b
cc0f4697-a728-4ebc-af06-408fcce43e43
cf654688-d47f-4864-ab37-613ed5dd0224
08692684-2ebe-48c7-908e-9a24c30b7808
846ccd7f-1c34-4146-b33f-b12a1234db92
a6486b64-be5a-4fac-b67f-572468f2e1ee
f42dc348-c0bd-40e1-affb-30920761cf4e
8557e89a-a668-47b4-9558-c8c1a0b513da
5bd19410-152f-4599-b2dd-291f80a7c54d
fd2e75ce-713f-4042-a9e0-d0ee541c838f
004f43a6-da49-463f-93d4-d0b0df1c018b
7eb43e51-ad14-442b-97a2-5ded9da1f333
f90b9b47-def5-4171-a4a3-89f57d283f2a
cc6d385d-4f6d-4e4a-b68a-66326c6dcc2f
54d58a9b-0605-4278-b1a3-cd138b36a8ce
0b5db6e6-10b8-48d7-b806-c9315a563b61
521d3b85-b2c4-4dea-b12c-3d0da4438358
57cb4848-fefa-4f77-a113-9f26abd0604c
81c85daa-c44d-40e1-aea9-c5baef04134a
e6d25c47-07fd-42dc-a7bc-3f5e25a7fc04
e30f44a6-48ef-4de2-8064-deb65cd7b9e0
f863b79e-ccc8-451c-aa51-a34475d52510
f1a4f351-1ac8-4a58-bcc8-2af5cb39381b
32d05746-2f48-4328-93fb-e51d319f2ce6
bdff276d-0626-4994-8892-7144e93ef6a1
22f7a0a1-aad1-47e6-88ed-985499745ea3
01bc7b9c-bf1d-44ef-a662-9344318bf380
a79226dd-67c4-4d58-8492-1859b8c58aa3
c4645e39-a43e-45d0-96ca-d91644365a50
70c39eec-321f-498e-a11c-b38eae29c5e0
606a7381-103d-4814-9498-b0bbb0bd2072
1b24daf6-90ef-456e-832b-4b0d5319b9f8
1717428f-5f75-4208-b07f-bcd5db02a00a
dd29c17a-0dd2-47f4-a5a5-3fb14a45cf6f
e65c6839-d7f4-47d8-9006-15e0af377152
8d5700e6-6952-4091-a07c-c44882d38db8
b2387530-b514-4c7b-a2d2-864cbd8d5464
ef33adf2-61db-4e0e-a26f-253dcd92f615
b5ab0903-84b9-469a-86ca-413f7b6740c8
043417f0-4eef-47e3-a49a-84a261024b07
415f3abc-5d04-41cf-aae8-d05180852d99
865b104f-894b-42d2-b073-e5e4fb65c30a
16e46b9d-f0bf-4dc6-bdb3-5ccd5a008d74
1b9d08e2-1bab-44fe-9261-9947d1a2251c
af080e1d-f67a-41c3-a51b-cdf6e5f18ba9
17b2b6e8-e253-40d6-8d6f-cd1c33b4a682
65f12eab-4917-46e2-8d16-7a3892d19222
b5fc89ba-467b-4864-b45c-a4865f42a447
e66bc152-96ee-4c06-bb77-a3e4f354adb1
479e2c35-d318-42bf-866e-856652a13388
d5f49e56-6842-463a-9f45-21e5342b67ef
6fc04558-a201-4f2d-bb88-05b42b20ecc6
0c9619b2-d57d-4252-9867-8ba669586f53
549ba028-f8f9-4583-b311-5a87dcfe141f
d88ecbee-1033-4f54-8dda-16eab11e3f88
842bcc92-ea23-4ada-851c-26ccdf91288a
71d26c56-6dba-4173-9a60-4aa47600ed48
2311bcb6-6a45-4f38-b6f8-889363f58e87
82d748cb-da67-4f98-9362-3024eb852a21
da23f090-431d-4cd1-9a34-c286f0aad5de
847bb2c5-b6a3-417d-9706-c1e13dcb47a9
e3b1651a-74df-4933-a7e3-3b9a60cbfdc3
3ab5b5d9-f5bf-4343-af02-1c9f0cd36f12
f5447d63-e3fe-4d64-9d67-419d1f949c5d
09d1ef9d-b500-4504-a769-b4a98fcc0738
2f4a8ec5-ef04-4f38-a9e0-bad2d822a608
68d60cc3-d3fd-46c3-a5ce-7a0cf5cc04eb
a7ff1108-e138-4fb0-a095-30c3b762ab99
a81e2f47-3948-4c2f-a8d9-71afbeece3c7
5a22b03c-a1f6-4756-a365-4a0e75de228b
a66d003a-8969-469a-9264-5531c4266cc3
d891010b-b5a7-4f0a-8482-e67be528693e
df4fb369-e96b-4de2-b789-e99aa7845573
2115a2b1-4324-4b1e-ba3b-87a810317bfb
6bdc51c5-68fa-4a5c-bf1b-44fafa4a19ca
03e542c9-6bed-426b-94d9-01a2fc2ed91a
67151017-5611-4037-a35f-3dee0814f5f0
19df8e0b-c2e7-430d-8b12-9da40a74de02
e1259f9e-92c2-4669-892d-e2cf542024c1
f9909184-9d6f-432b-a430-3a011018a08e
f91dadaa-70ab-4c8a-bb85-dca32112a142
ee0f064c-dfc0-498f-a5fd-f8670ea349eb
fc33a6c9-aa6b-4150-8a6d-9ec9ab6f9b4d
d5d36efc-927c-4af1-a862-ac52516933f7
b5385dae-13c4-4424-84e0-9eb50115d16d
1ed0fda1-6448-4ed9-8f10-bc13ee540adc
e1c9b90a-248b-4ce4-9b58-fa6eb1128e1c
4065a2d3-96cf-4ca8-ab95-525d9ed6ce38
512cdf29-e315-4c9e-b301-6f49988b94a2
8a4ee716-ef31-4b17-8bd8-ddd4b10fcc4c
773c173e-d5d9-48ac-b8f5-39e26821db74
8730d561-d84a-44be-a675-d07110560133
fa325dcc-772b-478c-9a87-ed9c4364e0bc
430bceb6-53ad-4fc8-899a-35a5fcec7b9a
e96df1c4-bc29-4811-bf8c-26d0ed8f4348
021eb2c6-1c21-490e-a0db-3b20e8382ca4
9b40aff6-d70f-4aba-bf0b-1e455808a6df
009b3b79-9e79-4f4d-948b-db746a080555
b4f0a277-d31a-4442-b3b1-0d66ee56cf9b
49b25154-9c16-4acd-a3df-e73cbce429b4
8b8096d4-8227-4154-99cb-1612c1cfcbd3
d7dd2f77-ade6-4eb6-aac1-6ec6c0379eff
263b584b-3dae-4022-9c80-0a9d7b1551ba
581d5b87-f366-442b-814f-d4a7af2b012a
28d168f0-a522-46e7-b72f-787cb5d6fadf
0cfa2800-707d-46ac-a564-28186ae68ac7
4f119766-c21b-40ce-8122-8eb3edfff4f3
1d236104-c952-4692-a607-40a1ec82b80e
2d7f63e5-e056-4574-8e99-d3082f0a7999
dee281f9-f285-4338-95f2-35c0398814d5
5c9a051f-2afc-4be8-adbc-bd795c8276b1
520b7226-2035-4cee-aa4a-b44e29646fa8
e0687942-bd18-4018-854b-5e78694e0f18
eaaf2f80-13aa-41c5-81fc-02fe8e05aef6
81dc2b5b-995e-4960-800a-8f1c7eaf758e
4f4e88af-8783-4da1-bf20-1e5cc27158f1
1061c00a-23ae-4c93-9778-e80ded763913
0d507442-7c1a-4f86-913d-11d5c3b96130
7bf5d2c5-2d7b-4169-8ad5-68e346f97c1f
ea4c49fa-a133-432a-9501-4a26a18e2347
6fa3e0e1-7591-4cf6-b971-50f20a042dc9
d95f0bd1-f994-4126-8b23-7791e7ca316f
d597d173-71af-4b42-9bff-570a8a6d56b0
858588fd-6a09-4953-baa1-502b72ab7dc0
e1964bae-f6e0-402e-9ea3-2716c9bcc801
d151bbb6-aab3-4ca2-80b5-a5151b3f3eba
9fa565b6-bda1-4fb1-b65b-e0d10d42ed22
42a1f54e-c7a4-4d93-b493-8e5b5de9030d
34074da2-db30-48fc-8e8e-e788da10aa10
6f616a40-14cc-44bd-aabf-a7580c50d7b9
ee44024e-601c-459b-b150-5c6e943ccd6a
807e8d2d-3d2f-421a-bf8b-479eaaa27ff0
85657ea7-8c09-405a-b48d-3db8fb22f9be
2867d658-207d-4be3-bbb4-9b72e2cb543e
ec27a5b6-8743-44bf-9539-ed2f96cc2169
ba857574-c979-4cbd-b59b-504c2ad52cf3
018410f1-b36f-496a-b065-32253ed64dbd
062231db-4432-42f2-bc5f-e4ceda17c92c
159f6124-99bb-4b98-9395-67d00792c200
188fecf4-f736-4e42-aff2-7523f41bfb55
af11a6d0-9689-43cd-9288-9f1905b1d70f
9535e271-2bdd-4593-a0e3-fab26f31e173
33cde5c1-32a4-4abf-bcfc-ce0152d47445
5bf22c0e-4490-4e5b-ac5e-fb172a835fd8
9c4b2171-9b70-4bd8-829d-76e47a3b4765
986fedeb-bd4f-4a17-a7b8-797c2d3ba85b
d5cd0326-c5d1-48ec-98f2-a19e19160c5f
b3b98a09-e009-4c1d-bc65-c0048eb9e051
867fa1d7-5441-41a3-a7e9-02a6f50733d2
d44a992a-0be1-4770-8ecc-23189921ac1e
38dab87c-6bd9-46dc-8fb9-43bb388d484c
9c2e5ea7-4c04-4e16-89b3-2f51845211a6
46ffb68c-d8a6-4178-b1a0-34a674462adb
768979e6-52f2-465b-8948-3ab41ec8e88c
1828988f-723f-4294-8ff8-f38aa963cb08
3e47cd3e-95cd-4000-aafd-23e38c637989
520a5f89-6d6e-4a5b-b7ea-8dde90c826fe
bc673411-6e7a-4289-9c14-ff45ee64e8a9
b39d9656-9fd8-4790-b134-77f6be51ca35
b5186125-833c-46f8-b30b-be447d80ab21
383ad13b-e964-42cf-9166-3330bb4fddf8
ce8cb82c-7ca1-4e25-a870-b6303c5eb28f
7ddf84a4-37e8-4c2a-b36a-14210b6c5e20
1a39d549-6827-4c78-b565-85e3b980bcb6
62036bd4-42b6-4a20-8aaf-6e308185fa78
2eed1565-36d1-4b94-8a32-855841c2b940
2729c0ac-2c32-4541-9022-ac6dd2acce1d
00d6b60d-36e3-4771-93f3-fe3cd6e7aa81
b1e3750f-77ec-4945-ae6a-22cc3a5e019c
e2b3cb29-e62d-4a6e-97a8-3aba2abaf723
c283fad1-b541-4852-be8c-e70251ff3026
ee8e881e-9c71-4965-8688-fd0b54316a7f
1958103b-b5f1-4a14-aac1-e605e1a2ec3a
811d6e75-b38e-4fed-8f60-3c3e28aca994
921746a8-2836-4629-ab0c-7d2f6f9c2913
2e37cdac-0457-484c-9b65-c78a8939726b
ff2f2f0e-049c-43e9-9d94-bd92aa10b905
9bca63f2-25a6-4f5b-a914-6829f0e8250d
d6c2b5f0-abd0-45f5-9a70-9c100eed1ae1
8c5cd99f-a6bc-4ad6-9c75-388a67496825
4019b20b-078e-46ea-a115-e104d11271bb
4023c08f-488b-458b-b924-72a73ef67beb
24ffa5e0-3499-4b28-9dbf-023f476090e5
